{
  "stats": {
    "suites": 0,
    "tests": 1,
    "passes": 1,
    "pending": 0,
    "failures": 0,
    "start": "2020-09-23T12:25:40.915Z",
    "end": "2020-09-23T12:26:08.039Z",
    "duration": 27124,
    "testsRegistered": 1,
    "passPercent": 100,
    "pendingPercent": 0,
    "other": 0,
    "hasOther": false,
    "skipped": 0,
    "hasSkipped": false
  },
  "results": [
    {
      "uuid": "bea29032-6766-4a41-9c59-e3252fe4f7c4",
      "title": "",
      "fullFile": "cypress\\integration\\QAM\\Edit_client.js",
      "file": "cypress\\integration\\QAM\\Edit_client.js",
      "beforeHooks": [],
      "afterHooks": [],
      "tests": [
        {
          "title": "Edit client",
          "fullTitle": "Edit client",
          "timedOut": null,
          "duration": 20779,
          "state": "passed",
          "speed": "slow",
          "pass": true,
          "fail": false,
          "pending": false,
          "context": null,
          "code": "cy.visit('https://user1.dev.bonoud.com/');\ncy.visit('https://user1.dev.bonoud.com/');\ncy.get('#user_name').type('user1');\ncy.get('input[type=\"password\"]').type('asdfghjkl1');\ncy.get('.mat-raised-button').contains('دخول').click();\ncy.visit('https://user1.dev.bonoud.com/clients');\ncy.get('mat-card-actions').children('button').first().click();\ncy.get('#name').clear();\ncy.get('#name').type('automation_testing_client');\ncy.get('#phone').clear();\ncy.get('#phone').type('0492288612');\ncy.get('#email').clear();\ncy.get('#email').type('automation_client@g.com');\ncy.get('mat-select[formcontrolname=\"gender\"]').click();\ncy.get('mat-option').contains('ذكر').click();\ncy.get('mat-select[formcontrolname=\"status\"]').click();\ncy.get('mat-option').contains('نشط').click();\ncy.get('mat-select[formcontrolname=\"client_type\"]').click();\ncy.get('mat-option').contains('فردي').click();\ncy.get('#address').clear();\ncy.get('#address').type('Nablus');\ncy.get('#date_of_birth').clear();\ncy.get('button[aria-label=\"Open calendar\"]').click();\ncy.get('mat-calendar').click().contains('3');\nvar imagename = 'icons8-key-64.png';\ncy.get('input[type=\"file\"]').attachFile(imagename);\nvar fileName = 'advocate.pdf';\ncy.get('ngx-mat-file-input[formcontrolname=\"fileInput\"]').attachFile(fileName);\ncy.get('button[color=\"primary\"]').contains('تعديل').click();",
          "err": {},
          "uuid": "211698a3-177c-47e7-af9f-6f1ffd061441",
          "parentUUID": "bea29032-6766-4a41-9c59-e3252fe4f7c4",
          "isHook": false,
          "skipped": false
        }
      ],
      "suites": [],
      "passes": [
        "211698a3-177c-47e7-af9f-6f1ffd061441"
      ],
      "failures": [],
      "pending": [],
      "skipped": [],
      "duration": 20779,
      "root": true,
      "rootEmpty": false,
      "_timeout": 2000
    }
  ],
  "meta": {
    "mocha": {
      "version": "7.0.1"
    },
    "mochawesome": {
      "options": {
        "quiet": false,
        "reportFilename": "mochawesome",
        "saveHtml": false,
        "saveJson": true,
        "consoleReporter": "spec",
        "useInlineDiffs": false,
        "code": true
      },
      "version": "6.1.1"
    },
    "marge": {
      "options": {
        "id": "default",
        "reportDir": "cypress/reports/mocha",
        "quite": true,
        "overwrite": false,
        "html": false,
        "json": true
      },
      "version": "5.1.0"
    }
  }
}