{
  "stats": {
    "suites": 1,
    "tests": 1,
    "passes": 0,
    "pending": 0,
    "failures": 1,
    "start": "2020-09-23T12:26:53.573Z",
    "end": "2020-09-23T12:27:09.590Z",
    "duration": 16017,
    "testsRegistered": 1,
    "passPercent": 0,
    "pendingPercent": 0,
    "other": 0,
    "hasOther": false,
    "skipped": 0,
    "hasSkipped": false
  },
  "results": [
    {
      "uuid": "bc79ca70-e633-4137-9e73-efac1b6dd582",
      "title": "",
      "fullFile": "cypress\\integration\\QAM\\Login.js",
      "file": "cypress\\integration\\QAM\\Login.js",
      "beforeHooks": [],
      "afterHooks": [],
      "tests": [],
      "suites": [
        {
          "uuid": "ef0b9c95-23a3-472c-95dc-f6aa3c052978",
          "title": "Login",
          "fullFile": "",
          "file": "",
          "beforeHooks": [],
          "afterHooks": [],
          "tests": [
            {
              "title": "Sign in",
              "fullTitle": "Login Sign in",
              "timedOut": null,
              "duration": 10082,
              "state": "failed",
              "speed": null,
              "pass": false,
              "fail": true,
              "pending": false,
              "context": null,
              "code": "cy.visit('http://dev.bonoud.com/');\ncy.get('.signin-button').contains('دخول').click();\ncy.get('input[placeholder=\"اسم المستخدم\"]').type('user1');\ncy.get('input[type=\"password\"]').type('asdfghjkl1');\ncy.get('.mat-raised-button').contains('دخول').click();\ncy.url().should('eq', 'https://user1.dev.bonoud.com/');",
              "err": {
                "message": "CypressError: Cypress detected a cross origin error happened on page load:\n\n  > Blocked a frame with origin \"http://dev.bonoud.com\" from accessing a cross-origin frame.\n\nBefore the page load, you were bound to the origin policy:\n\n  > http://bonoud.com\n\nA cross origin error happens when your application navigates to a new URL which does not match the origin policy above.\n\nA new URL does not match the origin policy if the 'protocol', 'port' (if specified), and/or 'host' (unless of the same superdomain) are different.\n\nCypress does not allow you to navigate to a different origin URL within a single test.\n\nYou may need to restructure some of your test code to avoid this problem.\n\nAlternatively you can also disable Chrome Web Security in Chromium-based browsers which will turn off this restriction by setting { chromeWebSecurity: false } in `cypress.json`.\n\nhttps://on.cypress.io/cross-origin-violation",
                "estack": "CypressError: Cypress detected a cross origin error happened on page load:\n\n  > Blocked a frame with origin \"http://dev.bonoud.com\" from accessing a cross-origin frame.\n\nBefore the page load, you were bound to the origin policy:\n\n  > http://bonoud.com\n\nA cross origin error happens when your application navigates to a new URL which does not match the origin policy above.\n\nA new URL does not match the origin policy if the 'protocol', 'port' (if specified), and/or 'host' (unless of the same superdomain) are different.\n\nCypress does not allow you to navigate to a different origin URL within a single test.\n\nYou may need to restructure some of your test code to avoid this problem.\n\nAlternatively you can also disable Chrome Web Security in Chromium-based browsers which will turn off this restriction by setting { chromeWebSecurity: false } in `cypress.json`.\n\nhttps://on.cypress.io/cross-origin-violation\n    at onPageLoadErr (http://dev.bonoud.com/__cypress/runner/cypress_runner.js:157076:17)\n    at HTMLIFrameElement.<anonymous> (http://dev.bonoud.com/__cypress/runner/cypress_runner.js:170112:17)\n    at HTMLIFrameElement.dispatch (http://dev.bonoud.com/__cypress/runner/cypress_runner.js:91166:27)\n    at HTMLIFrameElement.elemData.handle (http://dev.bonoud.com/__cypress/runner/cypress_runner.js:90974:28)\nFrom Your Spec Code:\n    at Context.eval (http://dev.bonoud.com/__cypress/tests?p=cypress\\integration\\QAM\\Login.js:106:14)",
                "diff": null
              },
              "uuid": "62d64e35-8706-4460-9538-c5b335a2d6d4",
              "parentUUID": "ef0b9c95-23a3-472c-95dc-f6aa3c052978",
              "isHook": false,
              "skipped": false
            }
          ],
          "suites": [],
          "passes": [],
          "failures": [
            "62d64e35-8706-4460-9538-c5b335a2d6d4"
          ],
          "pending": [],
          "skipped": [],
          "duration": 10082,
          "root": false,
          "rootEmpty": false,
          "_timeout": 2000
        }
      ],
      "passes": [],
      "failures": [],
      "pending": [],
      "skipped": [],
      "duration": 0,
      "root": true,
      "rootEmpty": true,
      "_timeout": 2000
    }
  ],
  "meta": {
    "mocha": {
      "version": "7.0.1"
    },
    "mochawesome": {
      "options": {
        "quiet": false,
        "reportFilename": "mochawesome",
        "saveHtml": false,
        "saveJson": true,
        "consoleReporter": "spec",
        "useInlineDiffs": false,
        "code": true
      },
      "version": "6.1.1"
    },
    "marge": {
      "options": {
        "id": "default",
        "reportDir": "cypress/reports/mocha",
        "quite": true,
        "overwrite": false,
        "html": false,
        "json": true
      },
      "version": "5.1.0"
    }
  }
}